2025-02-28 15:40:45 WARN  TestNGContentHandler:133 - It is strongly recommended to add "<!DOCTYPE suite SYSTEM "https://testng.org/testng-1.1.dtd" >" at the top of the suite file [C:\Users\Stuti\git\repository\MyProject1\grouping.xml] otherwise TestNG may fail or not work as expected.
2025-02-28 15:40:49 INFO  TC_001_AccountRegistrationTest:15 - ******** Starting TC_001_AccountRegistrationTest  ***
2025-02-28 15:40:50 INFO  TC_001_AccountRegistrationTest:19 - ******** Clicked on Register Link  ***
2025-02-28 15:40:50 INFO  TC_001_AccountRegistrationTest:25 - ******** Providing customer Details  ***
2025-02-28 15:40:51 INFO  TC_001_AccountRegistrationTest:41 - ******** Validating expected Message..  ***
2025-02-28 15:40:51 INFO  TC_001_AccountRegistrationTest:62 - **** TC_001_AccountRegistrationTest Completed ***
2025-02-28 15:40:56 INFO  TC_002_LoginTest:17 - **** Starting TC_002_LoginTest  ****
2025-02-28 15:40:56 INFO  TC_002_LoginTest:24 - clicked on myaccount link on the home page..
2025-02-28 15:40:57 INFO  TC_002_LoginTest:26 - clicked on login link under myaccount..
2025-02-28 15:40:57 INFO  TC_002_LoginTest:30 - Entering valid email and password..
2025-02-28 15:40:58 INFO  TC_002_LoginTest:34 - clicked on login button..
2025-02-28 15:40:58 INFO  TC_002_LoginTest:48 - **** Finished TC_002_LoginTest  ****
2025-02-28 15:48:53 WARN  TestNGContentHandler:133 - It is strongly recommended to add "<!DOCTYPE suite SYSTEM "https://testng.org/testng-1.1.dtd" >" at the top of the suite file [C:\Users\Stuti\git\repository\MyProject1\grouping.xml] otherwise TestNG may fail or not work as expected.
2025-02-28 15:48:58 INFO  TC_001_AccountRegistrationTest:15 - ******** Starting TC_001_AccountRegistrationTest  ***
2025-02-28 15:48:58 INFO  TC_001_AccountRegistrationTest:19 - ******** Clicked on Register Link  ***
2025-02-28 15:48:59 INFO  TC_001_AccountRegistrationTest:25 - ******** Providing customer Details  ***
2025-02-28 15:49:00 INFO  TC_001_AccountRegistrationTest:41 - ******** Validating expected Message..  ***
2025-02-28 15:49:00 INFO  TC_001_AccountRegistrationTest:62 - **** TC_001_AccountRegistrationTest Completed ***
2025-02-28 15:49:04 INFO  TC_002_LoginTest:17 - **** Starting TC_002_LoginTest  ****
2025-02-28 15:49:04 INFO  TC_002_LoginTest:24 - clicked on myaccount link on the home page..
2025-02-28 15:49:05 INFO  TC_002_LoginTest:26 - clicked on login link under myaccount..
2025-02-28 15:49:05 INFO  TC_002_LoginTest:30 - Entering valid email and password..
2025-02-28 15:49:06 INFO  TC_002_LoginTest:34 - clicked on login button..
2025-02-28 15:49:06 INFO  TC_002_LoginTest:48 - **** Finished TC_002_LoginTest  ****
2025-02-28 16:12:33 WARN  TestNGContentHandler:133 - It is strongly recommended to add "<!DOCTYPE suite SYSTEM "https://testng.org/testng-1.1.dtd" >" at the top of the suite file [C:\Users\Stuti\git\repository\MyProject1\grouping.xml] otherwise TestNG may fail or not work as expected.
2025-02-28 16:12:38 INFO  TC_001_AccountRegistrationTest:15 - ******** Starting TC_001_AccountRegistrationTest  ***
2025-02-28 16:12:38 INFO  TC_001_AccountRegistrationTest:19 - ******** Clicked on Register Link  ***
2025-02-28 16:12:39 INFO  TC_001_AccountRegistrationTest:25 - ******** Providing customer Details  ***
2025-02-28 16:12:40 INFO  TC_001_AccountRegistrationTest:41 - ******** Validating expected Message..  ***
2025-02-28 16:12:40 INFO  TC_001_AccountRegistrationTest:62 - **** TC_001_AccountRegistrationTest Completed ***
2025-02-28 16:12:44 INFO  TC_002_LoginTest:17 - **** Starting TC_002_LoginTest  ****
2025-02-28 16:12:45 INFO  TC_002_LoginTest:24 - clicked on myaccount link on the home page..
2025-02-28 16:12:45 INFO  TC_002_LoginTest:26 - clicked on login link under myaccount..
2025-02-28 16:12:45 INFO  TC_002_LoginTest:30 - Entering valid email and password..
2025-02-28 16:12:46 INFO  TC_002_LoginTest:34 - clicked on login button..
2025-02-28 16:12:46 INFO  TC_002_LoginTest:48 - **** Finished TC_002_LoginTest  ****
2025-02-28 16:43:03 WARN  TestNGContentHandler:133 - It is strongly recommended to add "<!DOCTYPE suite SYSTEM "https://testng.org/testng-1.1.dtd" >" at the top of the suite file [C:\Users\Stuti\git\repository\MyProject1\grouping.xml] otherwise TestNG may fail or not work as expected.
2025-02-28 16:43:08 INFO  TC_001_AccountRegistrationTest:15 - ******** Starting TC_001_AccountRegistrationTest  ***
2025-02-28 16:43:08 INFO  TC_001_AccountRegistrationTest:19 - ******** Clicked on Register Link  ***
2025-02-28 16:43:09 INFO  TC_001_AccountRegistrationTest:25 - ******** Providing customer Details  ***
2025-02-28 16:43:10 INFO  TC_001_AccountRegistrationTest:41 - ******** Validating expected Message..  ***
2025-02-28 16:43:10 INFO  TC_001_AccountRegistrationTest:62 - **** TC_001_AccountRegistrationTest Completed ***
2025-02-28 16:43:15 INFO  TC_002_LoginTest:17 - **** Starting TC_002_LoginTest  ****
2025-02-28 16:43:15 INFO  TC_002_LoginTest:24 - clicked on myaccount link on the home page..
2025-02-28 16:43:15 INFO  TC_002_LoginTest:26 - clicked on login link under myaccount..
2025-02-28 16:43:15 INFO  TC_002_LoginTest:30 - Entering valid email and password..
2025-02-28 16:43:16 INFO  TC_002_LoginTest:34 - clicked on login button..
2025-02-28 16:43:16 INFO  TC_002_LoginTest:48 - **** Finished TC_002_LoginTest  ****
2025-02-28 16:50:49 WARN  TestNGContentHandler:133 - It is strongly recommended to add "<!DOCTYPE suite SYSTEM "https://testng.org/testng-1.1.dtd" >" at the top of the suite file [C:\Users\Stuti\git\repository\MyProject1\grouping.xml] otherwise TestNG may fail or not work as expected.
2025-02-28 16:50:54 INFO  TC_001_AccountRegistrationTest:15 - ******** Starting TC_001_AccountRegistrationTest  ***
2025-02-28 16:50:54 INFO  TC_001_AccountRegistrationTest:19 - ******** Clicked on Register Link  ***
2025-02-28 16:50:54 INFO  TC_001_AccountRegistrationTest:25 - ******** Providing customer Details  ***
2025-02-28 16:50:55 INFO  TC_001_AccountRegistrationTest:41 - ******** Validating expected Message..  ***
2025-02-28 16:50:55 INFO  TC_001_AccountRegistrationTest:62 - **** TC_001_AccountRegistrationTest Completed ***
2025-02-28 16:51:00 INFO  TC_002_LoginTest:17 - **** Starting TC_002_LoginTest  ****
2025-02-28 16:51:00 INFO  TC_002_LoginTest:24 - clicked on myaccount link on the home page..
2025-02-28 16:51:00 INFO  TC_002_LoginTest:26 - clicked on login link under myaccount..
2025-02-28 16:51:00 INFO  TC_002_LoginTest:30 - Entering valid email and password..
2025-02-28 16:51:01 INFO  TC_002_LoginTest:34 - clicked on login button..
2025-02-28 16:51:01 INFO  TC_002_LoginTest:48 - **** Finished TC_002_LoginTest  ****
